01:00:32.445 ERROR --- [http-nio-9010-exec-3] c.l.example.config.JwtUtils : JWT token is expired: JWT expired at 2022-01-15T00:07:39Z. Current time: 2022-01-15T01:00:32Z, a difference of 3173444 milliseconds.  Allowed clock skew: 0 milliseconds. 
01:00:32.786 DEBUG --- [http-nio-9010-exec-3] c.l.e.m.BoardMapper.getBoardList : ==>  Preparing: SELECT * FROM (select @rownum := @rownum-1 as rownum, (concat(repeat('-', depth), title))as con, ta.* FROM vue_board ta, (select @rownum := (select COUNT(*)+1 from vue_board ta)) tb ORDER BY groups desc, orders asc)a 
01:00:32.787 DEBUG --- [http-nio-9010-exec-3] c.l.e.m.BoardMapper.getBoardList : ==> Parameters:  
01:00:34.343 TRACE --- [http-nio-9010-exec-3] c.l.e.m.BoardMapper.getBoardList : <==    Columns: rownum, con, b_id, title, content, writer, datetime, hit, groups, orders, depth, filename 
01:00:34.426 TRACE --- [http-nio-9010-exec-3] c.l.e.m.BoardMapper.getBoardList : <==        Row: 1.0, <<BLOB>>, 45, test??, testhhh, aa, 2022-01-14 23:54:10, 0, 45, 1, 0, 풍경.jpg,풍경사진.jpg,web - 복사본.xml 
01:00:34.432 DEBUG --- [http-nio-9010-exec-3] c.l.e.m.BoardMapper.getBoardList : <==      Total: 1 
01:00:58.367 ERROR --- [http-nio-9010-exec-6] c.l.example.config.JwtUtils : JWT token is expired: JWT expired at 2022-01-15T00:07:39Z. Current time: 2022-01-15T01:00:58Z, a difference of 3199367 milliseconds.  Allowed clock skew: 0 milliseconds. 
01:00:58.367 ERROR --- [http-nio-9010-exec-6] c.l.e.config.AuthEntryPointJwt : Unauthorized error: Full authentication is required to access this resource 
01:01:10.594 ERROR --- [http-nio-9010-exec-9] c.l.example.config.JwtUtils : JWT token is expired: JWT expired at 2022-01-15T00:07:39Z. Current time: 2022-01-15T01:01:10Z, a difference of 3211594 milliseconds.  Allowed clock skew: 0 milliseconds. 
01:01:10.596 INFO  --- [http-nio-9010-exec-9] c.l.e.controller.PublicController : testLoginRequest [username=aa, password=aa] 
01:01:10.598 DEBUG --- [http-nio-9010-exec-9] c.l.e.mapper.UserMapper.readUser : ==>  Preparing: SELECT u_id as username, u_password as password, u_name as name, u_phone as phone, u_isAccountNonExpired as isAccountNonExpired, u_isAccountNonLocked as isAccountNonLocked, u_isCredentialNonExpired as isCredentialsNonExpired, u_isEnabled as isEnabled FROM userlist WHERE 1=1 AND u_id = ? 
01:01:10.598 DEBUG --- [http-nio-9010-exec-9] c.l.e.mapper.UserMapper.readUser : ==> Parameters: aa(String) 
01:01:10.599 TRACE --- [http-nio-9010-exec-9] c.l.e.mapper.UserMapper.readUser : <==    Columns: username, password, name, phone, isAccountNonExpired, isAccountNonLocked, isCredentialsNonExpired, isEnabled 
01:01:10.599 TRACE --- [http-nio-9010-exec-9] c.l.e.mapper.UserMapper.readUser : <==        Row: aa, $2a$10$EDtcH3Ptp1BqdPxSU5TKpe7W3v/rf9NieuJtWr6g.MnCk3nrSLr.G, aa, 123123, 1, 1, 1, 1 
01:01:10.600 DEBUG --- [http-nio-9010-exec-9] c.l.e.mapper.UserMapper.readUser : <==      Total: 1 
01:01:10.601 DEBUG --- [http-nio-9010-exec-9] c.l.e.m.UserMapper.readAuthorities : ==>  Preparing: SELECT u_auth FROM userauth WHERE 1=1 AND u_id = ? 
01:01:10.601 DEBUG --- [http-nio-9010-exec-9] c.l.e.m.UserMapper.readAuthorities : ==> Parameters: aa(String) 
01:01:10.602 TRACE --- [http-nio-9010-exec-9] c.l.e.m.UserMapper.readAuthorities : <==    Columns: u_auth 
01:01:10.603 TRACE --- [http-nio-9010-exec-9] c.l.e.m.UserMapper.readAuthorities : <==        Row: ROLE_ADMIN 
01:01:10.603 TRACE --- [http-nio-9010-exec-9] c.l.e.m.UserMapper.readAuthorities : <==        Row: ROLE_USER 
01:01:10.603 DEBUG --- [http-nio-9010-exec-9] c.l.e.m.UserMapper.readAuthorities : <==      Total: 2 
01:01:10.734 INFO  --- [http-nio-9010-exec-9] c.l.e.controller.PublicController : ddddUser [username=aa, password=$2a$10$EDtcH3Ptp1BqdPxSU5TKpe7W3v/rf9NieuJtWr6g.MnCk3nrSLr.G, name=aa, phone=123123, uDateTime=null, authorities=[ROLE_ADMIN, ROLE_USER], isAccountNonExpired=true, isAccountNonLocked=true, isCredentialsNonExpired=true, isEnabled=true] 
01:01:13.063 DEBUG --- [http-nio-9010-exec-10] c.l.e.mapper.UserMapper.readUser : ==>  Preparing: SELECT u_id as username, u_password as password, u_name as name, u_phone as phone, u_isAccountNonExpired as isAccountNonExpired, u_isAccountNonLocked as isAccountNonLocked, u_isCredentialNonExpired as isCredentialsNonExpired, u_isEnabled as isEnabled FROM userlist WHERE 1=1 AND u_id = ? 
01:01:13.063 DEBUG --- [http-nio-9010-exec-10] c.l.e.mapper.UserMapper.readUser : ==> Parameters: aa(String) 
01:01:13.066 TRACE --- [http-nio-9010-exec-10] c.l.e.mapper.UserMapper.readUser : <==    Columns: username, password, name, phone, isAccountNonExpired, isAccountNonLocked, isCredentialsNonExpired, isEnabled 
01:01:13.066 TRACE --- [http-nio-9010-exec-10] c.l.e.mapper.UserMapper.readUser : <==        Row: aa, $2a$10$EDtcH3Ptp1BqdPxSU5TKpe7W3v/rf9NieuJtWr6g.MnCk3nrSLr.G, aa, 123123, 1, 1, 1, 1 
01:01:13.067 DEBUG --- [http-nio-9010-exec-10] c.l.e.mapper.UserMapper.readUser : <==      Total: 1 
01:01:13.068 DEBUG --- [http-nio-9010-exec-10] c.l.e.m.UserMapper.readAuthorities : ==>  Preparing: SELECT u_auth FROM userauth WHERE 1=1 AND u_id = ? 
01:01:13.069 DEBUG --- [http-nio-9010-exec-10] c.l.e.m.UserMapper.readAuthorities : ==> Parameters: aa(String) 
01:01:13.070 TRACE --- [http-nio-9010-exec-10] c.l.e.m.UserMapper.readAuthorities : <==    Columns: u_auth 
01:01:13.070 TRACE --- [http-nio-9010-exec-10] c.l.e.m.UserMapper.readAuthorities : <==        Row: ROLE_ADMIN 
01:01:13.070 TRACE --- [http-nio-9010-exec-10] c.l.e.m.UserMapper.readAuthorities : <==        Row: ROLE_USER 
01:01:13.070 DEBUG --- [http-nio-9010-exec-10] c.l.e.m.UserMapper.readAuthorities : <==      Total: 2 
01:01:13.072 DEBUG --- [http-nio-9010-exec-10] c.l.e.m.BoardMapper.getBoardList : ==>  Preparing: SELECT * FROM (select @rownum := @rownum-1 as rownum, (concat(repeat('-', depth), title))as con, ta.* FROM vue_board ta, (select @rownum := (select COUNT(*)+1 from vue_board ta)) tb ORDER BY groups desc, orders asc)a 
01:01:13.080 DEBUG --- [http-nio-9010-exec-10] c.l.e.m.BoardMapper.getBoardList : ==> Parameters:  
01:01:13.499 TRACE --- [http-nio-9010-exec-10] c.l.e.m.BoardMapper.getBoardList : <==    Columns: rownum, con, b_id, title, content, writer, datetime, hit, groups, orders, depth, filename 
01:01:13.500 TRACE --- [http-nio-9010-exec-10] c.l.e.m.BoardMapper.getBoardList : <==        Row: 1.0, <<BLOB>>, 45, test??, testhhh, aa, 2022-01-14 23:54:10, 0, 45, 1, 0, 풍경.jpg,풍경사진.jpg,web - 복사본.xml 
01:01:13.501 DEBUG --- [http-nio-9010-exec-10] c.l.e.m.BoardMapper.getBoardList : <==      Total: 1 
01:01:19.007 DEBUG --- [http-nio-9010-exec-2] c.l.e.mapper.UserMapper.readUser : ==>  Preparing: SELECT u_id as username, u_password as password, u_name as name, u_phone as phone, u_isAccountNonExpired as isAccountNonExpired, u_isAccountNonLocked as isAccountNonLocked, u_isCredentialNonExpired as isCredentialsNonExpired, u_isEnabled as isEnabled FROM userlist WHERE 1=1 AND u_id = ? 
01:01:19.007 DEBUG --- [http-nio-9010-exec-2] c.l.e.mapper.UserMapper.readUser : ==> Parameters: aa(String) 
01:01:19.014 TRACE --- [http-nio-9010-exec-2] c.l.e.mapper.UserMapper.readUser : <==    Columns: username, password, name, phone, isAccountNonExpired, isAccountNonLocked, isCredentialsNonExpired, isEnabled 
01:01:19.014 TRACE --- [http-nio-9010-exec-2] c.l.e.mapper.UserMapper.readUser : <==        Row: aa, $2a$10$EDtcH3Ptp1BqdPxSU5TKpe7W3v/rf9NieuJtWr6g.MnCk3nrSLr.G, aa, 123123, 1, 1, 1, 1 
01:01:19.015 DEBUG --- [http-nio-9010-exec-2] c.l.e.mapper.UserMapper.readUser : <==      Total: 1 
01:01:19.016 DEBUG --- [http-nio-9010-exec-2] c.l.e.m.UserMapper.readAuthorities : ==>  Preparing: SELECT u_auth FROM userauth WHERE 1=1 AND u_id = ? 
01:01:19.016 DEBUG --- [http-nio-9010-exec-2] c.l.e.m.UserMapper.readAuthorities : ==> Parameters: aa(String) 
01:01:19.017 TRACE --- [http-nio-9010-exec-2] c.l.e.m.UserMapper.readAuthorities : <==    Columns: u_auth 
01:01:19.017 TRACE --- [http-nio-9010-exec-2] c.l.e.m.UserMapper.readAuthorities : <==        Row: ROLE_ADMIN 
01:01:19.018 TRACE --- [http-nio-9010-exec-2] c.l.e.m.UserMapper.readAuthorities : <==        Row: ROLE_USER 
01:01:19.018 DEBUG --- [http-nio-9010-exec-2] c.l.e.m.UserMapper.readAuthorities : <==      Total: 2 
01:01:19.056 DEBUG --- [http-nio-9010-exec-2] c.l.e.m.BoardMapper.insertBoard1 : ==>  Preparing: INSERT INTO vue_board ( title, content, writer, filename ) VALUES ( ?, ?, ?, ? ) 
01:01:19.057 DEBUG --- [http-nio-9010-exec-2] c.l.e.m.BoardMapper.insertBoard1 : ==> Parameters: ff(String), fff(String), aa(String), 풍경.jpg(String) 
01:01:19.202 DEBUG --- [http-nio-9010-exec-2] c.l.e.m.BoardMapper.insertBoard1 : <==    Updates: 1 
01:01:19.202 DEBUG --- [http-nio-9010-exec-2] c.l.e.m.BoardMapper.insertBoard2 : ==>  Preparing: UPDATE vue_board SET groups = LAST_INSERT_ID(), orders = '1' WHERE b_id = last_insert_id() 
01:01:19.203 DEBUG --- [http-nio-9010-exec-2] c.l.e.m.BoardMapper.insertBoard2 : ==> Parameters:  
01:01:19.418 DEBUG --- [http-nio-9010-exec-2] c.l.e.m.BoardMapper.insertBoard2 : <==    Updates: 1 
01:02:11.614 DEBUG --- [http-nio-9010-exec-5] c.l.e.mapper.UserMapper.readUser : ==>  Preparing: SELECT u_id as username, u_password as password, u_name as name, u_phone as phone, u_isAccountNonExpired as isAccountNonExpired, u_isAccountNonLocked as isAccountNonLocked, u_isCredentialNonExpired as isCredentialsNonExpired, u_isEnabled as isEnabled FROM userlist WHERE 1=1 AND u_id = ? 
01:02:11.615 DEBUG --- [http-nio-9010-exec-5] c.l.e.mapper.UserMapper.readUser : ==> Parameters: aa(String) 
01:02:11.617 TRACE --- [http-nio-9010-exec-5] c.l.e.mapper.UserMapper.readUser : <==    Columns: username, password, name, phone, isAccountNonExpired, isAccountNonLocked, isCredentialsNonExpired, isEnabled 
01:02:11.617 TRACE --- [http-nio-9010-exec-5] c.l.e.mapper.UserMapper.readUser : <==        Row: aa, $2a$10$EDtcH3Ptp1BqdPxSU5TKpe7W3v/rf9NieuJtWr6g.MnCk3nrSLr.G, aa, 123123, 1, 1, 1, 1 
01:02:11.618 DEBUG --- [http-nio-9010-exec-5] c.l.e.mapper.UserMapper.readUser : <==      Total: 1 
01:02:11.619 DEBUG --- [http-nio-9010-exec-5] c.l.e.m.UserMapper.readAuthorities : ==>  Preparing: SELECT u_auth FROM userauth WHERE 1=1 AND u_id = ? 
01:02:11.619 DEBUG --- [http-nio-9010-exec-5] c.l.e.m.UserMapper.readAuthorities : ==> Parameters: aa(String) 
01:02:11.622 TRACE --- [http-nio-9010-exec-5] c.l.e.m.UserMapper.readAuthorities : <==    Columns: u_auth 
01:02:11.622 TRACE --- [http-nio-9010-exec-5] c.l.e.m.UserMapper.readAuthorities : <==        Row: ROLE_ADMIN 
01:02:11.623 TRACE --- [http-nio-9010-exec-5] c.l.e.m.UserMapper.readAuthorities : <==        Row: ROLE_USER 
01:02:11.623 DEBUG --- [http-nio-9010-exec-5] c.l.e.m.UserMapper.readAuthorities : <==      Total: 2 
01:02:11.627 DEBUG --- [http-nio-9010-exec-5] c.l.e.m.UserMapper.readUser_refresh : ==>  Preparing: SELECT ta.u_id username, ta.u_name name, ta.u_phone phone, tb.u_auth auth FROM userlist ta LEFT join ( SELECT ta.u_id, GROUP_CONCAT(ta.u_auth SEPARATOR ",") u_auth FROM userauth ta GROUP BY ta.u_id ) tb ON ta.u_id = tb.u_id WHERE ta.u_id = ? 
01:02:11.627 DEBUG --- [http-nio-9010-exec-5] c.l.e.m.UserMapper.readUser_refresh : ==> Parameters: aa(String) 
01:02:12.505 TRACE --- [http-nio-9010-exec-5] c.l.e.m.UserMapper.readUser_refresh : <==    Columns: username, name, phone, auth 
01:02:12.505 TRACE --- [http-nio-9010-exec-5] c.l.e.m.UserMapper.readUser_refresh : <==        Row: aa, aa, 123123, <<BLOB>> 
01:02:12.506 DEBUG --- [http-nio-9010-exec-5] c.l.e.m.UserMapper.readUser_refresh : <==      Total: 1 
01:02:12.507 DEBUG --- [http-nio-9010-exec-5] c.l.e.m.UserMapper.readAuthorities : ==>  Preparing: SELECT u_auth FROM userauth WHERE 1=1 AND u_id = ? 
01:02:12.507 DEBUG --- [http-nio-9010-exec-5] c.l.e.m.UserMapper.readAuthorities : ==> Parameters: aa(String) 
01:02:12.508 TRACE --- [http-nio-9010-exec-5] c.l.e.m.UserMapper.readAuthorities : <==    Columns: u_auth 
01:02:12.508 TRACE --- [http-nio-9010-exec-5] c.l.e.m.UserMapper.readAuthorities : <==        Row: ROLE_ADMIN 
01:02:12.509 TRACE --- [http-nio-9010-exec-5] c.l.e.m.UserMapper.readAuthorities : <==        Row: ROLE_USER 
01:02:12.509 DEBUG --- [http-nio-9010-exec-5] c.l.e.m.UserMapper.readAuthorities : <==      Total: 2 
01:02:54.078 DEBUG --- [http-nio-9010-exec-7] c.l.e.mapper.UserMapper.readUser : ==>  Preparing: SELECT u_id as username, u_password as password, u_name as name, u_phone as phone, u_isAccountNonExpired as isAccountNonExpired, u_isAccountNonLocked as isAccountNonLocked, u_isCredentialNonExpired as isCredentialsNonExpired, u_isEnabled as isEnabled FROM userlist WHERE 1=1 AND u_id = ? 
01:02:54.079 DEBUG --- [http-nio-9010-exec-7] c.l.e.mapper.UserMapper.readUser : ==> Parameters: aa(String) 
01:02:54.080 TRACE --- [http-nio-9010-exec-7] c.l.e.mapper.UserMapper.readUser : <==    Columns: username, password, name, phone, isAccountNonExpired, isAccountNonLocked, isCredentialsNonExpired, isEnabled 
01:02:54.080 TRACE --- [http-nio-9010-exec-7] c.l.e.mapper.UserMapper.readUser : <==        Row: aa, $2a$10$EDtcH3Ptp1BqdPxSU5TKpe7W3v/rf9NieuJtWr6g.MnCk3nrSLr.G, aa, 123123, 1, 1, 1, 1 
01:02:54.080 DEBUG --- [http-nio-9010-exec-7] c.l.e.mapper.UserMapper.readUser : <==      Total: 1 
01:02:54.080 DEBUG --- [http-nio-9010-exec-7] c.l.e.m.UserMapper.readAuthorities : ==>  Preparing: SELECT u_auth FROM userauth WHERE 1=1 AND u_id = ? 
01:02:54.081 DEBUG --- [http-nio-9010-exec-7] c.l.e.m.UserMapper.readAuthorities : ==> Parameters: aa(String) 
01:02:54.082 TRACE --- [http-nio-9010-exec-7] c.l.e.m.UserMapper.readAuthorities : <==    Columns: u_auth 
01:02:54.082 TRACE --- [http-nio-9010-exec-7] c.l.e.m.UserMapper.readAuthorities : <==        Row: ROLE_ADMIN 
01:02:54.082 TRACE --- [http-nio-9010-exec-7] c.l.e.m.UserMapper.readAuthorities : <==        Row: ROLE_USER 
01:02:54.082 DEBUG --- [http-nio-9010-exec-7] c.l.e.m.UserMapper.readAuthorities : <==      Total: 2 
01:02:54.084 DEBUG --- [http-nio-9010-exec-7] c.l.e.m.BoardMapper.getBoardList : ==>  Preparing: SELECT * FROM (select @rownum := @rownum-1 as rownum, (concat(repeat('-', depth), title))as con, ta.* FROM vue_board ta, (select @rownum := (select COUNT(*)+1 from vue_board ta)) tb ORDER BY groups desc, orders asc)a 
01:02:54.084 DEBUG --- [http-nio-9010-exec-7] c.l.e.m.BoardMapper.getBoardList : ==> Parameters:  
01:02:55.294 TRACE --- [http-nio-9010-exec-7] c.l.e.m.BoardMapper.getBoardList : <==    Columns: rownum, con, b_id, title, content, writer, datetime, hit, groups, orders, depth, filename 
01:02:55.296 TRACE --- [http-nio-9010-exec-7] c.l.e.m.BoardMapper.getBoardList : <==        Row: 1.0, <<BLOB>>, 46, ff, fff, aa, 2022-01-15 01:01:19, 0, 46, 1, 0, 풍경.jpg 
01:02:55.299 TRACE --- [http-nio-9010-exec-7] c.l.e.m.BoardMapper.getBoardList : <==        Row: 2.0, <<BLOB>>, 45, test??, testhhh, aa, 2022-01-14 23:54:10, 0, 45, 1, 0, 풍경.jpg,풍경사진.jpg,web - 복사본.xml 
01:02:55.368 DEBUG --- [http-nio-9010-exec-7] c.l.e.m.BoardMapper.getBoardList : <==      Total: 2 
01:03:09.594 DEBUG --- [http-nio-9010-exec-9] c.l.e.mapper.UserMapper.readUser : ==>  Preparing: SELECT u_id as username, u_password as password, u_name as name, u_phone as phone, u_isAccountNonExpired as isAccountNonExpired, u_isAccountNonLocked as isAccountNonLocked, u_isCredentialNonExpired as isCredentialsNonExpired, u_isEnabled as isEnabled FROM userlist WHERE 1=1 AND u_id = ? 
01:03:09.594 DEBUG --- [http-nio-9010-exec-9] c.l.e.mapper.UserMapper.readUser : ==> Parameters: aa(String) 
01:03:09.596 TRACE --- [http-nio-9010-exec-9] c.l.e.mapper.UserMapper.readUser : <==    Columns: username, password, name, phone, isAccountNonExpired, isAccountNonLocked, isCredentialsNonExpired, isEnabled 
01:03:09.596 TRACE --- [http-nio-9010-exec-9] c.l.e.mapper.UserMapper.readUser : <==        Row: aa, $2a$10$EDtcH3Ptp1BqdPxSU5TKpe7W3v/rf9NieuJtWr6g.MnCk3nrSLr.G, aa, 123123, 1, 1, 1, 1 
01:03:09.596 DEBUG --- [http-nio-9010-exec-9] c.l.e.mapper.UserMapper.readUser : <==      Total: 1 
01:03:09.620 DEBUG --- [http-nio-9010-exec-9] c.l.e.m.UserMapper.readAuthorities : ==>  Preparing: SELECT u_auth FROM userauth WHERE 1=1 AND u_id = ? 
01:03:09.620 DEBUG --- [http-nio-9010-exec-9] c.l.e.m.UserMapper.readAuthorities : ==> Parameters: aa(String) 
01:03:09.621 TRACE --- [http-nio-9010-exec-9] c.l.e.m.UserMapper.readAuthorities : <==    Columns: u_auth 
01:03:09.621 TRACE --- [http-nio-9010-exec-9] c.l.e.m.UserMapper.readAuthorities : <==        Row: ROLE_ADMIN 
01:03:09.622 TRACE --- [http-nio-9010-exec-9] c.l.e.m.UserMapper.readAuthorities : <==        Row: ROLE_USER 
01:03:09.622 DEBUG --- [http-nio-9010-exec-9] c.l.e.m.UserMapper.readAuthorities : <==      Total: 2 
01:03:09.789 DEBUG --- [http-nio-9010-exec-9] c.l.e.m.BoardMapper.insertBoard1 : ==>  Preparing: INSERT INTO vue_board ( title, content, writer, filename ) VALUES ( ?, ?, ?, ? ) 
01:03:09.791 DEBUG --- [http-nio-9010-exec-9] c.l.e.m.BoardMapper.insertBoard1 : ==> Parameters: jj(String), jj(String), aa(String), 풍경.jpg(String) 
01:03:09.890 DEBUG --- [http-nio-9010-exec-9] c.l.e.m.BoardMapper.insertBoard1 : <==    Updates: 1 
01:03:09.890 DEBUG --- [http-nio-9010-exec-9] c.l.e.m.BoardMapper.insertBoard2 : ==>  Preparing: UPDATE vue_board SET groups = LAST_INSERT_ID(), orders = '1' WHERE b_id = last_insert_id() 
01:03:09.891 DEBUG --- [http-nio-9010-exec-9] c.l.e.m.BoardMapper.insertBoard2 : ==> Parameters:  
01:03:10.161 DEBUG --- [http-nio-9010-exec-9] c.l.e.m.BoardMapper.insertBoard2 : <==    Updates: 1 
01:03:10.283 DEBUG --- [http-nio-9010-exec-10] c.l.e.mapper.UserMapper.readUser : ==>  Preparing: SELECT u_id as username, u_password as password, u_name as name, u_phone as phone, u_isAccountNonExpired as isAccountNonExpired, u_isAccountNonLocked as isAccountNonLocked, u_isCredentialNonExpired as isCredentialsNonExpired, u_isEnabled as isEnabled FROM userlist WHERE 1=1 AND u_id = ? 
01:03:10.283 DEBUG --- [http-nio-9010-exec-10] c.l.e.mapper.UserMapper.readUser : ==> Parameters: aa(String) 
01:03:10.285 TRACE --- [http-nio-9010-exec-10] c.l.e.mapper.UserMapper.readUser : <==    Columns: username, password, name, phone, isAccountNonExpired, isAccountNonLocked, isCredentialsNonExpired, isEnabled 
01:03:10.285 TRACE --- [http-nio-9010-exec-10] c.l.e.mapper.UserMapper.readUser : <==        Row: aa, $2a$10$EDtcH3Ptp1BqdPxSU5TKpe7W3v/rf9NieuJtWr6g.MnCk3nrSLr.G, aa, 123123, 1, 1, 1, 1 
01:03:10.286 DEBUG --- [http-nio-9010-exec-10] c.l.e.mapper.UserMapper.readUser : <==      Total: 1 
01:03:10.286 DEBUG --- [http-nio-9010-exec-10] c.l.e.m.UserMapper.readAuthorities : ==>  Preparing: SELECT u_auth FROM userauth WHERE 1=1 AND u_id = ? 
01:03:10.287 DEBUG --- [http-nio-9010-exec-10] c.l.e.m.UserMapper.readAuthorities : ==> Parameters: aa(String) 
01:03:10.292 TRACE --- [http-nio-9010-exec-10] c.l.e.m.UserMapper.readAuthorities : <==    Columns: u_auth 
01:03:10.293 TRACE --- [http-nio-9010-exec-10] c.l.e.m.UserMapper.readAuthorities : <==        Row: ROLE_ADMIN 
01:03:10.293 TRACE --- [http-nio-9010-exec-10] c.l.e.m.UserMapper.readAuthorities : <==        Row: ROLE_USER 
01:03:10.293 DEBUG --- [http-nio-9010-exec-10] c.l.e.m.UserMapper.readAuthorities : <==      Total: 2 
01:03:10.294 DEBUG --- [http-nio-9010-exec-10] c.l.e.m.BoardMapper.getBoardList : ==>  Preparing: SELECT * FROM (select @rownum := @rownum-1 as rownum, (concat(repeat('-', depth), title))as con, ta.* FROM vue_board ta, (select @rownum := (select COUNT(*)+1 from vue_board ta)) tb ORDER BY groups desc, orders asc)a 
01:03:10.294 DEBUG --- [http-nio-9010-exec-10] c.l.e.m.BoardMapper.getBoardList : ==> Parameters:  
01:03:10.601 TRACE --- [http-nio-9010-exec-10] c.l.e.m.BoardMapper.getBoardList : <==    Columns: rownum, con, b_id, title, content, writer, datetime, hit, groups, orders, depth, filename 
01:03:10.602 TRACE --- [http-nio-9010-exec-10] c.l.e.m.BoardMapper.getBoardList : <==        Row: 1.0, <<BLOB>>, 47, jj, jj, aa, 2022-01-15 01:03:09, 0, 47, 1, 0, 풍경.jpg 
01:03:10.604 TRACE --- [http-nio-9010-exec-10] c.l.e.m.BoardMapper.getBoardList : <==        Row: 2.0, <<BLOB>>, 46, ff, fff, aa, 2022-01-15 01:01:19, 0, 46, 1, 0, 풍경.jpg 
01:03:10.606 TRACE --- [http-nio-9010-exec-10] c.l.e.m.BoardMapper.getBoardList : <==        Row: 3.0, <<BLOB>>, 45, test??, testhhh, aa, 2022-01-14 23:54:10, 0, 45, 1, 0, 풍경.jpg,풍경사진.jpg,web - 복사본.xml 
01:03:10.607 DEBUG --- [http-nio-9010-exec-10] c.l.e.m.BoardMapper.getBoardList : <==      Total: 3 
01:03:28.485 DEBUG --- [http-nio-9010-exec-2] c.l.e.mapper.UserMapper.readUser : ==>  Preparing: SELECT u_id as username, u_password as password, u_name as name, u_phone as phone, u_isAccountNonExpired as isAccountNonExpired, u_isAccountNonLocked as isAccountNonLocked, u_isCredentialNonExpired as isCredentialsNonExpired, u_isEnabled as isEnabled FROM userlist WHERE 1=1 AND u_id = ? 
01:03:28.486 DEBUG --- [http-nio-9010-exec-2] c.l.e.mapper.UserMapper.readUser : ==> Parameters: aa(String) 
01:03:28.487 TRACE --- [http-nio-9010-exec-2] c.l.e.mapper.UserMapper.readUser : <==    Columns: username, password, name, phone, isAccountNonExpired, isAccountNonLocked, isCredentialsNonExpired, isEnabled 
01:03:28.487 TRACE --- [http-nio-9010-exec-2] c.l.e.mapper.UserMapper.readUser : <==        Row: aa, $2a$10$EDtcH3Ptp1BqdPxSU5TKpe7W3v/rf9NieuJtWr6g.MnCk3nrSLr.G, aa, 123123, 1, 1, 1, 1 
01:03:28.488 DEBUG --- [http-nio-9010-exec-2] c.l.e.mapper.UserMapper.readUser : <==      Total: 1 
01:03:28.488 DEBUG --- [http-nio-9010-exec-2] c.l.e.m.UserMapper.readAuthorities : ==>  Preparing: SELECT u_auth FROM userauth WHERE 1=1 AND u_id = ? 
01:03:28.488 DEBUG --- [http-nio-9010-exec-2] c.l.e.m.UserMapper.readAuthorities : ==> Parameters: aa(String) 
01:03:28.489 TRACE --- [http-nio-9010-exec-2] c.l.e.m.UserMapper.readAuthorities : <==    Columns: u_auth 
01:03:28.489 TRACE --- [http-nio-9010-exec-2] c.l.e.m.UserMapper.readAuthorities : <==        Row: ROLE_ADMIN 
01:03:28.490 TRACE --- [http-nio-9010-exec-2] c.l.e.m.UserMapper.readAuthorities : <==        Row: ROLE_USER 
01:03:28.490 DEBUG --- [http-nio-9010-exec-2] c.l.e.m.UserMapper.readAuthorities : <==      Total: 2 
01:03:29.703 WARN  --- [http-nio-9010-exec-2] o.s.w.s.m.s.DefaultHandlerExceptionResolver : Resolved [org.springframework.web.multipart.support.MissingServletRequestPartException: Required request part 'file' is not present] 
01:05:12.754 DEBUG --- [http-nio-9010-exec-3] c.l.e.mapper.UserMapper.readUser : ==>  Preparing: SELECT u_id as username, u_password as password, u_name as name, u_phone as phone, u_isAccountNonExpired as isAccountNonExpired, u_isAccountNonLocked as isAccountNonLocked, u_isCredentialNonExpired as isCredentialsNonExpired, u_isEnabled as isEnabled FROM userlist WHERE 1=1 AND u_id = ? 
01:05:12.754 DEBUG --- [http-nio-9010-exec-3] c.l.e.mapper.UserMapper.readUser : ==> Parameters: aa(String) 
01:05:12.758 TRACE --- [http-nio-9010-exec-3] c.l.e.mapper.UserMapper.readUser : <==    Columns: username, password, name, phone, isAccountNonExpired, isAccountNonLocked, isCredentialsNonExpired, isEnabled 
01:05:12.758 TRACE --- [http-nio-9010-exec-3] c.l.e.mapper.UserMapper.readUser : <==        Row: aa, $2a$10$EDtcH3Ptp1BqdPxSU5TKpe7W3v/rf9NieuJtWr6g.MnCk3nrSLr.G, aa, 123123, 1, 1, 1, 1 
01:05:12.759 DEBUG --- [http-nio-9010-exec-3] c.l.e.mapper.UserMapper.readUser : <==      Total: 1 
01:05:12.759 DEBUG --- [http-nio-9010-exec-3] c.l.e.m.UserMapper.readAuthorities : ==>  Preparing: SELECT u_auth FROM userauth WHERE 1=1 AND u_id = ? 
01:05:12.759 DEBUG --- [http-nio-9010-exec-3] c.l.e.m.UserMapper.readAuthorities : ==> Parameters: aa(String) 
01:05:12.760 TRACE --- [http-nio-9010-exec-3] c.l.e.m.UserMapper.readAuthorities : <==    Columns: u_auth 
01:05:12.760 TRACE --- [http-nio-9010-exec-3] c.l.e.m.UserMapper.readAuthorities : <==        Row: ROLE_ADMIN 
01:05:12.761 TRACE --- [http-nio-9010-exec-3] c.l.e.m.UserMapper.readAuthorities : <==        Row: ROLE_USER 
01:05:12.761 DEBUG --- [http-nio-9010-exec-3] c.l.e.m.UserMapper.readAuthorities : <==      Total: 2 
01:05:12.764 DEBUG --- [http-nio-9010-exec-3] c.l.e.m.BoardMapper.getBoardList : ==>  Preparing: SELECT * FROM (select @rownum := @rownum-1 as rownum, (concat(repeat('-', depth), title))as con, ta.* FROM vue_board ta, (select @rownum := (select COUNT(*)+1 from vue_board ta)) tb ORDER BY groups desc, orders asc)a 
01:05:12.764 DEBUG --- [http-nio-9010-exec-3] c.l.e.m.BoardMapper.getBoardList : ==> Parameters:  
01:05:13.639 TRACE --- [http-nio-9010-exec-3] c.l.e.m.BoardMapper.getBoardList : <==    Columns: rownum, con, b_id, title, content, writer, datetime, hit, groups, orders, depth, filename 
01:05:13.639 TRACE --- [http-nio-9010-exec-3] c.l.e.m.BoardMapper.getBoardList : <==        Row: 1.0, <<BLOB>>, 47, jj, jj, aa, 2022-01-15 01:03:09, 0, 47, 1, 0, 풍경.jpg 
01:05:13.641 TRACE --- [http-nio-9010-exec-3] c.l.e.m.BoardMapper.getBoardList : <==        Row: 2.0, <<BLOB>>, 46, ff, fff, aa, 2022-01-15 01:01:19, 0, 46, 1, 0, 풍경.jpg 
01:05:13.642 TRACE --- [http-nio-9010-exec-3] c.l.e.m.BoardMapper.getBoardList : <==        Row: 3.0, <<BLOB>>, 45, test??, testhhh, aa, 2022-01-14 23:54:10, 0, 45, 1, 0, 풍경.jpg,풍경사진.jpg,web - 복사본.xml 
01:05:13.643 DEBUG --- [http-nio-9010-exec-3] c.l.e.m.BoardMapper.getBoardList : <==      Total: 3 
01:05:19.895 DEBUG --- [http-nio-9010-exec-5] c.l.e.mapper.UserMapper.readUser : ==>  Preparing: SELECT u_id as username, u_password as password, u_name as name, u_phone as phone, u_isAccountNonExpired as isAccountNonExpired, u_isAccountNonLocked as isAccountNonLocked, u_isCredentialNonExpired as isCredentialsNonExpired, u_isEnabled as isEnabled FROM userlist WHERE 1=1 AND u_id = ? 
01:05:19.895 DEBUG --- [http-nio-9010-exec-5] c.l.e.mapper.UserMapper.readUser : ==> Parameters: aa(String) 
01:05:19.896 TRACE --- [http-nio-9010-exec-5] c.l.e.mapper.UserMapper.readUser : <==    Columns: username, password, name, phone, isAccountNonExpired, isAccountNonLocked, isCredentialsNonExpired, isEnabled 
01:05:19.896 TRACE --- [http-nio-9010-exec-5] c.l.e.mapper.UserMapper.readUser : <==        Row: aa, $2a$10$EDtcH3Ptp1BqdPxSU5TKpe7W3v/rf9NieuJtWr6g.MnCk3nrSLr.G, aa, 123123, 1, 1, 1, 1 
01:05:19.897 DEBUG --- [http-nio-9010-exec-5] c.l.e.mapper.UserMapper.readUser : <==      Total: 1 
01:05:19.897 DEBUG --- [http-nio-9010-exec-5] c.l.e.m.UserMapper.readAuthorities : ==>  Preparing: SELECT u_auth FROM userauth WHERE 1=1 AND u_id = ? 
01:05:19.898 DEBUG --- [http-nio-9010-exec-5] c.l.e.m.UserMapper.readAuthorities : ==> Parameters: aa(String) 
01:05:19.899 TRACE --- [http-nio-9010-exec-5] c.l.e.m.UserMapper.readAuthorities : <==    Columns: u_auth 
01:05:19.900 TRACE --- [http-nio-9010-exec-5] c.l.e.m.UserMapper.readAuthorities : <==        Row: ROLE_ADMIN 
01:05:19.900 TRACE --- [http-nio-9010-exec-5] c.l.e.m.UserMapper.readAuthorities : <==        Row: ROLE_USER 
01:05:19.900 DEBUG --- [http-nio-9010-exec-5] c.l.e.m.UserMapper.readAuthorities : <==      Total: 2 
01:05:19.943 WARN  --- [http-nio-9010-exec-5] o.s.w.s.m.s.DefaultHandlerExceptionResolver : Resolved [org.springframework.web.multipart.support.MissingServletRequestPartException: Required request part 'file' is not present] 
01:13:28.419 INFO  --- [main] c.l.example.BoardApplication : Starting BoardApplication using Java 16.0.2 on DESKTOP-BBQ5NV4 with PID 5016 (C:\Users\jeong\eclipse-workspace\board\bin\main started by jeong in C:\Users\jeong\eclipse-workspace\board) 
01:13:28.423 DEBUG --- [main] c.l.example.BoardApplication : Running with Spring Boot v2.6.2, Spring v5.3.14 
01:13:28.423 INFO  --- [main] c.l.example.BoardApplication : The following profiles are active: local 
01:13:28.479 WARN  --- [main] o.s.b.c.c.ConfigDataEnvironment : Property 'spring.profiles[0]' imported from location 'class path resource [application.yml]' is invalid and should be replaced with 'spring.config.activate.on-profile' [origin: class path resource [application.yml] - 11:5] 
01:13:31.393 DEBUG --- [main] c.l.example.config.AuthTokenFilter : Filter 'authenticationJwtTokenFilter' configured for use 
01:13:33.576 INFO  --- [main] c.l.example.BoardApplication : Started BoardApplication in 5.834 seconds (JVM running for 6.842) 
01:13:40.514 DEBUG --- [http-nio-9010-exec-1] c.l.e.mapper.UserMapper.readUser : ==>  Preparing: SELECT u_id as username, u_password as password, u_name as name, u_phone as phone, u_isAccountNonExpired as isAccountNonExpired, u_isAccountNonLocked as isAccountNonLocked, u_isCredentialNonExpired as isCredentialsNonExpired, u_isEnabled as isEnabled FROM userlist WHERE 1=1 AND u_id = ? 
01:13:40.568 DEBUG --- [http-nio-9010-exec-1] c.l.e.mapper.UserMapper.readUser : ==> Parameters: aa(String) 
01:13:40.602 TRACE --- [http-nio-9010-exec-1] c.l.e.mapper.UserMapper.readUser : <==    Columns: username, password, name, phone, isAccountNonExpired, isAccountNonLocked, isCredentialsNonExpired, isEnabled 
01:13:40.602 TRACE --- [http-nio-9010-exec-1] c.l.e.mapper.UserMapper.readUser : <==        Row: aa, $2a$10$EDtcH3Ptp1BqdPxSU5TKpe7W3v/rf9NieuJtWr6g.MnCk3nrSLr.G, aa, 123123, 1, 1, 1, 1 
01:13:40.605 DEBUG --- [http-nio-9010-exec-1] c.l.e.mapper.UserMapper.readUser : <==      Total: 1 
01:13:40.607 DEBUG --- [http-nio-9010-exec-1] c.l.e.m.UserMapper.readAuthorities : ==>  Preparing: SELECT u_auth FROM userauth WHERE 1=1 AND u_id = ? 
01:13:40.609 DEBUG --- [http-nio-9010-exec-1] c.l.e.m.UserMapper.readAuthorities : ==> Parameters: aa(String) 
01:13:40.610 TRACE --- [http-nio-9010-exec-1] c.l.e.m.UserMapper.readAuthorities : <==    Columns: u_auth 
01:13:40.610 TRACE --- [http-nio-9010-exec-1] c.l.e.m.UserMapper.readAuthorities : <==        Row: ROLE_ADMIN 
01:13:40.610 TRACE --- [http-nio-9010-exec-1] c.l.e.m.UserMapper.readAuthorities : <==        Row: ROLE_USER 
01:13:40.611 DEBUG --- [http-nio-9010-exec-1] c.l.e.m.UserMapper.readAuthorities : <==      Total: 2 
01:13:40.663 DEBUG --- [http-nio-9010-exec-1] c.l.e.m.UserMapper.readUser_refresh : ==>  Preparing: SELECT ta.u_id username, ta.u_name name, ta.u_phone phone, tb.u_auth auth FROM userlist ta LEFT join ( SELECT ta.u_id, GROUP_CONCAT(ta.u_auth SEPARATOR ",") u_auth FROM userauth ta GROUP BY ta.u_id ) tb ON ta.u_id = tb.u_id WHERE ta.u_id = ? 
01:13:40.664 DEBUG --- [http-nio-9010-exec-1] c.l.e.m.UserMapper.readUser_refresh : ==> Parameters: aa(String) 
01:13:40.799 TRACE --- [http-nio-9010-exec-1] c.l.e.m.UserMapper.readUser_refresh : <==    Columns: username, name, phone, auth 
01:13:40.799 TRACE --- [http-nio-9010-exec-1] c.l.e.m.UserMapper.readUser_refresh : <==        Row: aa, aa, 123123, <<BLOB>> 
01:13:40.801 DEBUG --- [http-nio-9010-exec-1] c.l.e.m.UserMapper.readUser_refresh : <==      Total: 1 
01:13:40.801 DEBUG --- [http-nio-9010-exec-1] c.l.e.m.UserMapper.readAuthorities : ==>  Preparing: SELECT u_auth FROM userauth WHERE 1=1 AND u_id = ? 
01:13:40.802 DEBUG --- [http-nio-9010-exec-1] c.l.e.m.UserMapper.readAuthorities : ==> Parameters: aa(String) 
01:13:40.803 TRACE --- [http-nio-9010-exec-1] c.l.e.m.UserMapper.readAuthorities : <==    Columns: u_auth 
01:13:40.803 TRACE --- [http-nio-9010-exec-1] c.l.e.m.UserMapper.readAuthorities : <==        Row: ROLE_ADMIN 
01:13:40.803 TRACE --- [http-nio-9010-exec-1] c.l.e.m.UserMapper.readAuthorities : <==        Row: ROLE_USER 
01:13:40.804 DEBUG --- [http-nio-9010-exec-1] c.l.e.m.UserMapper.readAuthorities : <==      Total: 2 
01:13:45.478 DEBUG --- [http-nio-9010-exec-3] c.l.e.mapper.UserMapper.readUser : ==>  Preparing: SELECT u_id as username, u_password as password, u_name as name, u_phone as phone, u_isAccountNonExpired as isAccountNonExpired, u_isAccountNonLocked as isAccountNonLocked, u_isCredentialNonExpired as isCredentialsNonExpired, u_isEnabled as isEnabled FROM userlist WHERE 1=1 AND u_id = ? 
01:13:45.478 DEBUG --- [http-nio-9010-exec-3] c.l.e.mapper.UserMapper.readUser : ==> Parameters: aa(String) 
01:13:45.480 TRACE --- [http-nio-9010-exec-3] c.l.e.mapper.UserMapper.readUser : <==    Columns: username, password, name, phone, isAccountNonExpired, isAccountNonLocked, isCredentialsNonExpired, isEnabled 
01:13:45.480 TRACE --- [http-nio-9010-exec-3] c.l.e.mapper.UserMapper.readUser : <==        Row: aa, $2a$10$EDtcH3Ptp1BqdPxSU5TKpe7W3v/rf9NieuJtWr6g.MnCk3nrSLr.G, aa, 123123, 1, 1, 1, 1 
01:13:45.481 DEBUG --- [http-nio-9010-exec-3] c.l.e.mapper.UserMapper.readUser : <==      Total: 1 
01:13:45.482 DEBUG --- [http-nio-9010-exec-3] c.l.e.m.UserMapper.readAuthorities : ==>  Preparing: SELECT u_auth FROM userauth WHERE 1=1 AND u_id = ? 
01:13:45.482 DEBUG --- [http-nio-9010-exec-3] c.l.e.m.UserMapper.readAuthorities : ==> Parameters: aa(String) 
01:13:45.486 TRACE --- [http-nio-9010-exec-3] c.l.e.m.UserMapper.readAuthorities : <==    Columns: u_auth 
01:13:45.486 TRACE --- [http-nio-9010-exec-3] c.l.e.m.UserMapper.readAuthorities : <==        Row: ROLE_ADMIN 
01:13:45.487 TRACE --- [http-nio-9010-exec-3] c.l.e.m.UserMapper.readAuthorities : <==        Row: ROLE_USER 
01:13:45.488 DEBUG --- [http-nio-9010-exec-3] c.l.e.m.UserMapper.readAuthorities : <==      Total: 2 
01:13:45.489 DEBUG --- [http-nio-9010-exec-3] c.l.e.m.BoardMapper.getBoardList : ==>  Preparing: SELECT * FROM (select @rownum := @rownum-1 as rownum, (concat(repeat('-', depth), title))as con, ta.* FROM vue_board ta, (select @rownum := (select COUNT(*)+1 from vue_board ta)) tb ORDER BY groups desc, orders asc)a 
01:13:45.490 DEBUG --- [http-nio-9010-exec-3] c.l.e.m.BoardMapper.getBoardList : ==> Parameters:  
01:13:45.544 TRACE --- [http-nio-9010-exec-3] c.l.e.m.BoardMapper.getBoardList : <==    Columns: rownum, con, b_id, title, content, writer, datetime, hit, groups, orders, depth, filename 
01:13:45.546 TRACE --- [http-nio-9010-exec-3] c.l.e.m.BoardMapper.getBoardList : <==        Row: 1.0, <<BLOB>>, 47, jj, jj, aa, 2022-01-15 01:03:09, 0, 47, 1, 0, 풍경.jpg 
01:13:45.549 TRACE --- [http-nio-9010-exec-3] c.l.e.m.BoardMapper.getBoardList : <==        Row: 2.0, <<BLOB>>, 46, ff, fff, aa, 2022-01-15 01:01:19, 0, 46, 1, 0, 풍경.jpg 
01:13:45.553 TRACE --- [http-nio-9010-exec-3] c.l.e.m.BoardMapper.getBoardList : <==        Row: 3.0, <<BLOB>>, 45, test??, testhhh, aa, 2022-01-14 23:54:10, 0, 45, 1, 0, 풍경.jpg,풍경사진.jpg,web - 복사본.xml 
01:13:45.554 DEBUG --- [http-nio-9010-exec-3] c.l.e.m.BoardMapper.getBoardList : <==      Total: 3 
01:13:54.064 DEBUG --- [http-nio-9010-exec-5] c.l.e.mapper.UserMapper.readUser : ==>  Preparing: SELECT u_id as username, u_password as password, u_name as name, u_phone as phone, u_isAccountNonExpired as isAccountNonExpired, u_isAccountNonLocked as isAccountNonLocked, u_isCredentialNonExpired as isCredentialsNonExpired, u_isEnabled as isEnabled FROM userlist WHERE 1=1 AND u_id = ? 
01:13:54.065 DEBUG --- [http-nio-9010-exec-5] c.l.e.mapper.UserMapper.readUser : ==> Parameters: aa(String) 
01:13:54.067 TRACE --- [http-nio-9010-exec-5] c.l.e.mapper.UserMapper.readUser : <==    Columns: username, password, name, phone, isAccountNonExpired, isAccountNonLocked, isCredentialsNonExpired, isEnabled 
01:13:54.067 TRACE --- [http-nio-9010-exec-5] c.l.e.mapper.UserMapper.readUser : <==        Row: aa, $2a$10$EDtcH3Ptp1BqdPxSU5TKpe7W3v/rf9NieuJtWr6g.MnCk3nrSLr.G, aa, 123123, 1, 1, 1, 1 
01:13:54.068 DEBUG --- [http-nio-9010-exec-5] c.l.e.mapper.UserMapper.readUser : <==      Total: 1 
01:13:54.069 DEBUG --- [http-nio-9010-exec-5] c.l.e.m.UserMapper.readAuthorities : ==>  Preparing: SELECT u_auth FROM userauth WHERE 1=1 AND u_id = ? 
01:13:54.069 DEBUG --- [http-nio-9010-exec-5] c.l.e.m.UserMapper.readAuthorities : ==> Parameters: aa(String) 
01:13:54.070 TRACE --- [http-nio-9010-exec-5] c.l.e.m.UserMapper.readAuthorities : <==    Columns: u_auth 
01:13:54.070 TRACE --- [http-nio-9010-exec-5] c.l.e.m.UserMapper.readAuthorities : <==        Row: ROLE_ADMIN 
01:13:54.071 TRACE --- [http-nio-9010-exec-5] c.l.e.m.UserMapper.readAuthorities : <==        Row: ROLE_USER 
01:13:54.071 DEBUG --- [http-nio-9010-exec-5] c.l.e.m.UserMapper.readAuthorities : <==      Total: 2 
01:13:54.140 INFO  --- [http-nio-9010-exec-5] c.l.e.controller.PublicController : testLoginRequest [username=aa, password=aa] 
01:13:54.286 DEBUG --- [http-nio-9010-exec-5] c.l.e.mapper.UserMapper.readUser : ==>  Preparing: SELECT u_id as username, u_password as password, u_name as name, u_phone as phone, u_isAccountNonExpired as isAccountNonExpired, u_isAccountNonLocked as isAccountNonLocked, u_isCredentialNonExpired as isCredentialsNonExpired, u_isEnabled as isEnabled FROM userlist WHERE 1=1 AND u_id = ? 
01:13:54.286 DEBUG --- [http-nio-9010-exec-5] c.l.e.mapper.UserMapper.readUser : ==> Parameters: aa(String) 
01:13:54.287 TRACE --- [http-nio-9010-exec-5] c.l.e.mapper.UserMapper.readUser : <==    Columns: username, password, name, phone, isAccountNonExpired, isAccountNonLocked, isCredentialsNonExpired, isEnabled 
01:13:54.287 TRACE --- [http-nio-9010-exec-5] c.l.e.mapper.UserMapper.readUser : <==        Row: aa, $2a$10$EDtcH3Ptp1BqdPxSU5TKpe7W3v/rf9NieuJtWr6g.MnCk3nrSLr.G, aa, 123123, 1, 1, 1, 1 
01:13:54.288 DEBUG --- [http-nio-9010-exec-5] c.l.e.mapper.UserMapper.readUser : <==      Total: 1 
01:13:54.289 DEBUG --- [http-nio-9010-exec-5] c.l.e.m.UserMapper.readAuthorities : ==>  Preparing: SELECT u_auth FROM userauth WHERE 1=1 AND u_id = ? 
01:13:54.289 DEBUG --- [http-nio-9010-exec-5] c.l.e.m.UserMapper.readAuthorities : ==> Parameters: aa(String) 
01:13:54.290 TRACE --- [http-nio-9010-exec-5] c.l.e.m.UserMapper.readAuthorities : <==    Columns: u_auth 
01:13:54.290 TRACE --- [http-nio-9010-exec-5] c.l.e.m.UserMapper.readAuthorities : <==        Row: ROLE_ADMIN 
01:13:54.290 TRACE --- [http-nio-9010-exec-5] c.l.e.m.UserMapper.readAuthorities : <==        Row: ROLE_USER 
01:13:54.290 DEBUG --- [http-nio-9010-exec-5] c.l.e.m.UserMapper.readAuthorities : <==      Total: 2 
01:13:54.473 INFO  --- [http-nio-9010-exec-5] c.l.e.controller.PublicController : ddddUser [username=aa, password=$2a$10$EDtcH3Ptp1BqdPxSU5TKpe7W3v/rf9NieuJtWr6g.MnCk3nrSLr.G, name=aa, phone=123123, uDateTime=null, authorities=[ROLE_ADMIN, ROLE_USER], isAccountNonExpired=true, isAccountNonLocked=true, isCredentialsNonExpired=true, isEnabled=true] 
01:13:57.641 DEBUG --- [http-nio-9010-exec-7] c.l.e.mapper.UserMapper.readUser : ==>  Preparing: SELECT u_id as username, u_password as password, u_name as name, u_phone as phone, u_isAccountNonExpired as isAccountNonExpired, u_isAccountNonLocked as isAccountNonLocked, u_isCredentialNonExpired as isCredentialsNonExpired, u_isEnabled as isEnabled FROM userlist WHERE 1=1 AND u_id = ? 
01:13:57.642 DEBUG --- [http-nio-9010-exec-7] c.l.e.mapper.UserMapper.readUser : ==> Parameters: aa(String) 
01:13:57.644 TRACE --- [http-nio-9010-exec-7] c.l.e.mapper.UserMapper.readUser : <==    Columns: username, password, name, phone, isAccountNonExpired, isAccountNonLocked, isCredentialsNonExpired, isEnabled 
01:13:57.644 TRACE --- [http-nio-9010-exec-7] c.l.e.mapper.UserMapper.readUser : <==        Row: aa, $2a$10$EDtcH3Ptp1BqdPxSU5TKpe7W3v/rf9NieuJtWr6g.MnCk3nrSLr.G, aa, 123123, 1, 1, 1, 1 
01:13:57.645 DEBUG --- [http-nio-9010-exec-7] c.l.e.mapper.UserMapper.readUser : <==      Total: 1 
01:13:57.646 DEBUG --- [http-nio-9010-exec-7] c.l.e.m.UserMapper.readAuthorities : ==>  Preparing: SELECT u_auth FROM userauth WHERE 1=1 AND u_id = ? 
01:13:57.646 DEBUG --- [http-nio-9010-exec-7] c.l.e.m.UserMapper.readAuthorities : ==> Parameters: aa(String) 
01:13:57.649 TRACE --- [http-nio-9010-exec-7] c.l.e.m.UserMapper.readAuthorities : <==    Columns: u_auth 
01:13:57.650 TRACE --- [http-nio-9010-exec-7] c.l.e.m.UserMapper.readAuthorities : <==        Row: ROLE_ADMIN 
01:13:57.651 TRACE --- [http-nio-9010-exec-7] c.l.e.m.UserMapper.readAuthorities : <==        Row: ROLE_USER 
01:13:57.651 DEBUG --- [http-nio-9010-exec-7] c.l.e.m.UserMapper.readAuthorities : <==      Total: 2 
01:13:57.653 DEBUG --- [http-nio-9010-exec-7] c.l.e.m.BoardMapper.getBoardList : ==>  Preparing: SELECT * FROM (select @rownum := @rownum-1 as rownum, (concat(repeat('-', depth), title))as con, ta.* FROM vue_board ta, (select @rownum := (select COUNT(*)+1 from vue_board ta)) tb ORDER BY groups desc, orders asc)a 
01:13:57.654 DEBUG --- [http-nio-9010-exec-7] c.l.e.m.BoardMapper.getBoardList : ==> Parameters:  
01:13:57.697 TRACE --- [http-nio-9010-exec-7] c.l.e.m.BoardMapper.getBoardList : <==    Columns: rownum, con, b_id, title, content, writer, datetime, hit, groups, orders, depth, filename 
01:13:57.698 TRACE --- [http-nio-9010-exec-7] c.l.e.m.BoardMapper.getBoardList : <==        Row: 1.0, <<BLOB>>, 47, jj, jj, aa, 2022-01-15 01:03:09, 0, 47, 1, 0, 풍경.jpg 
01:13:57.701 TRACE --- [http-nio-9010-exec-7] c.l.e.m.BoardMapper.getBoardList : <==        Row: 2.0, <<BLOB>>, 46, ff, fff, aa, 2022-01-15 01:01:19, 0, 46, 1, 0, 풍경.jpg 
01:13:57.704 TRACE --- [http-nio-9010-exec-7] c.l.e.m.BoardMapper.getBoardList : <==        Row: 3.0, <<BLOB>>, 45, test??, testhhh, aa, 2022-01-14 23:54:10, 0, 45, 1, 0, 풍경.jpg,풍경사진.jpg,web - 복사본.xml 
01:13:57.706 DEBUG --- [http-nio-9010-exec-7] c.l.e.m.BoardMapper.getBoardList : <==      Total: 3 
01:14:06.393 DEBUG --- [http-nio-9010-exec-10] c.l.e.mapper.UserMapper.readUser : ==>  Preparing: SELECT u_id as username, u_password as password, u_name as name, u_phone as phone, u_isAccountNonExpired as isAccountNonExpired, u_isAccountNonLocked as isAccountNonLocked, u_isCredentialNonExpired as isCredentialsNonExpired, u_isEnabled as isEnabled FROM userlist WHERE 1=1 AND u_id = ? 
01:14:06.394 DEBUG --- [http-nio-9010-exec-10] c.l.e.mapper.UserMapper.readUser : ==> Parameters: aa(String) 
01:14:06.395 TRACE --- [http-nio-9010-exec-10] c.l.e.mapper.UserMapper.readUser : <==    Columns: username, password, name, phone, isAccountNonExpired, isAccountNonLocked, isCredentialsNonExpired, isEnabled 
01:14:06.395 TRACE --- [http-nio-9010-exec-10] c.l.e.mapper.UserMapper.readUser : <==        Row: aa, $2a$10$EDtcH3Ptp1BqdPxSU5TKpe7W3v/rf9NieuJtWr6g.MnCk3nrSLr.G, aa, 123123, 1, 1, 1, 1 
01:14:06.396 DEBUG --- [http-nio-9010-exec-10] c.l.e.mapper.UserMapper.readUser : <==      Total: 1 
01:14:06.396 DEBUG --- [http-nio-9010-exec-10] c.l.e.m.UserMapper.readAuthorities : ==>  Preparing: SELECT u_auth FROM userauth WHERE 1=1 AND u_id = ? 
01:14:06.397 DEBUG --- [http-nio-9010-exec-10] c.l.e.m.UserMapper.readAuthorities : ==> Parameters: aa(String) 
01:14:06.399 TRACE --- [http-nio-9010-exec-10] c.l.e.m.UserMapper.readAuthorities : <==    Columns: u_auth 
01:14:06.400 TRACE --- [http-nio-9010-exec-10] c.l.e.m.UserMapper.readAuthorities : <==        Row: ROLE_ADMIN 
01:14:06.401 TRACE --- [http-nio-9010-exec-10] c.l.e.m.UserMapper.readAuthorities : <==        Row: ROLE_USER 
01:14:06.401 DEBUG --- [http-nio-9010-exec-10] c.l.e.m.UserMapper.readAuthorities : <==      Total: 2 
01:14:06.480 WARN  --- [http-nio-9010-exec-10] o.s.w.s.m.s.DefaultHandlerExceptionResolver : Resolved [org.springframework.web.HttpMediaTypeNotSupportedException: Content type 'multipart/form-data;boundary=----WebKitFormBoundaryqnKU7GDIjMI17tmo;charset=UTF-8' not supported] 
01:22:18.493 INFO  --- [http-nio-9010-exec-2] c.l.e.controller.PublicController : testLoginRequest [username=aa, password=aa] 
01:22:18.496 DEBUG --- [http-nio-9010-exec-2] c.l.e.mapper.UserMapper.readUser : ==>  Preparing: SELECT u_id as username, u_password as password, u_name as name, u_phone as phone, u_isAccountNonExpired as isAccountNonExpired, u_isAccountNonLocked as isAccountNonLocked, u_isCredentialNonExpired as isCredentialsNonExpired, u_isEnabled as isEnabled FROM userlist WHERE 1=1 AND u_id = ? 
01:22:18.496 DEBUG --- [http-nio-9010-exec-2] c.l.e.mapper.UserMapper.readUser : ==> Parameters: aa(String) 
01:22:18.498 TRACE --- [http-nio-9010-exec-2] c.l.e.mapper.UserMapper.readUser : <==    Columns: username, password, name, phone, isAccountNonExpired, isAccountNonLocked, isCredentialsNonExpired, isEnabled 
01:22:18.499 TRACE --- [http-nio-9010-exec-2] c.l.e.mapper.UserMapper.readUser : <==        Row: aa, $2a$10$EDtcH3Ptp1BqdPxSU5TKpe7W3v/rf9NieuJtWr6g.MnCk3nrSLr.G, aa, 123123, 1, 1, 1, 1 
01:22:18.499 DEBUG --- [http-nio-9010-exec-2] c.l.e.mapper.UserMapper.readUser : <==      Total: 1 
01:22:18.500 DEBUG --- [http-nio-9010-exec-2] c.l.e.m.UserMapper.readAuthorities : ==>  Preparing: SELECT u_auth FROM userauth WHERE 1=1 AND u_id = ? 
01:22:18.501 DEBUG --- [http-nio-9010-exec-2] c.l.e.m.UserMapper.readAuthorities : ==> Parameters: aa(String) 
01:22:18.502 TRACE --- [http-nio-9010-exec-2] c.l.e.m.UserMapper.readAuthorities : <==    Columns: u_auth 
01:22:18.502 TRACE --- [http-nio-9010-exec-2] c.l.e.m.UserMapper.readAuthorities : <==        Row: ROLE_ADMIN 
01:22:18.502 TRACE --- [http-nio-9010-exec-2] c.l.e.m.UserMapper.readAuthorities : <==        Row: ROLE_USER 
01:22:18.503 DEBUG --- [http-nio-9010-exec-2] c.l.e.m.UserMapper.readAuthorities : <==      Total: 2 
01:22:18.628 INFO  --- [http-nio-9010-exec-2] c.l.e.controller.PublicController : ddddUser [username=aa, password=$2a$10$EDtcH3Ptp1BqdPxSU5TKpe7W3v/rf9NieuJtWr6g.MnCk3nrSLr.G, name=aa, phone=123123, uDateTime=null, authorities=[ROLE_ADMIN, ROLE_USER], isAccountNonExpired=true, isAccountNonLocked=true, isCredentialsNonExpired=true, isEnabled=true] 
01:22:21.840 DEBUG --- [http-nio-9010-exec-3] c.l.e.mapper.UserMapper.readUser : ==>  Preparing: SELECT u_id as username, u_password as password, u_name as name, u_phone as phone, u_isAccountNonExpired as isAccountNonExpired, u_isAccountNonLocked as isAccountNonLocked, u_isCredentialNonExpired as isCredentialsNonExpired, u_isEnabled as isEnabled FROM userlist WHERE 1=1 AND u_id = ? 
01:22:21.840 DEBUG --- [http-nio-9010-exec-3] c.l.e.mapper.UserMapper.readUser : ==> Parameters: aa(String) 
01:22:21.843 TRACE --- [http-nio-9010-exec-3] c.l.e.mapper.UserMapper.readUser : <==    Columns: username, password, name, phone, isAccountNonExpired, isAccountNonLocked, isCredentialsNonExpired, isEnabled 
01:22:21.843 TRACE --- [http-nio-9010-exec-3] c.l.e.mapper.UserMapper.readUser : <==        Row: aa, $2a$10$EDtcH3Ptp1BqdPxSU5TKpe7W3v/rf9NieuJtWr6g.MnCk3nrSLr.G, aa, 123123, 1, 1, 1, 1 
01:22:21.844 DEBUG --- [http-nio-9010-exec-3] c.l.e.mapper.UserMapper.readUser : <==      Total: 1 
01:22:21.844 DEBUG --- [http-nio-9010-exec-3] c.l.e.m.UserMapper.readAuthorities : ==>  Preparing: SELECT u_auth FROM userauth WHERE 1=1 AND u_id = ? 
01:22:21.844 DEBUG --- [http-nio-9010-exec-3] c.l.e.m.UserMapper.readAuthorities : ==> Parameters: aa(String) 
01:22:21.845 TRACE --- [http-nio-9010-exec-3] c.l.e.m.UserMapper.readAuthorities : <==    Columns: u_auth 
01:22:21.845 TRACE --- [http-nio-9010-exec-3] c.l.e.m.UserMapper.readAuthorities : <==        Row: ROLE_ADMIN 
01:22:21.846 TRACE --- [http-nio-9010-exec-3] c.l.e.m.UserMapper.readAuthorities : <==        Row: ROLE_USER 
01:22:21.846 DEBUG --- [http-nio-9010-exec-3] c.l.e.m.UserMapper.readAuthorities : <==      Total: 2 
01:22:21.847 DEBUG --- [http-nio-9010-exec-3] c.l.e.m.BoardMapper.getBoardList : ==>  Preparing: SELECT * FROM (select @rownum := @rownum-1 as rownum, (concat(repeat('-', depth), title))as con, ta.* FROM vue_board ta, (select @rownum := (select COUNT(*)+1 from vue_board ta)) tb ORDER BY groups desc, orders asc)a 
01:22:21.847 DEBUG --- [http-nio-9010-exec-3] c.l.e.m.BoardMapper.getBoardList : ==> Parameters:  
01:22:21.911 TRACE --- [http-nio-9010-exec-3] c.l.e.m.BoardMapper.getBoardList : <==    Columns: rownum, con, b_id, title, content, writer, datetime, hit, groups, orders, depth, filename 
01:22:21.912 TRACE --- [http-nio-9010-exec-3] c.l.e.m.BoardMapper.getBoardList : <==        Row: 1.0, <<BLOB>>, 47, jj, jj, aa, 2022-01-15 01:03:09, 0, 47, 1, 0, 풍경.jpg 
01:22:21.914 TRACE --- [http-nio-9010-exec-3] c.l.e.m.BoardMapper.getBoardList : <==        Row: 2.0, <<BLOB>>, 46, ff, fff, aa, 2022-01-15 01:01:19, 0, 46, 1, 0, 풍경.jpg 
01:22:21.915 TRACE --- [http-nio-9010-exec-3] c.l.e.m.BoardMapper.getBoardList : <==        Row: 3.0, <<BLOB>>, 45, test??, testhhh, aa, 2022-01-14 23:54:10, 0, 45, 1, 0, 풍경.jpg,풍경사진.jpg,web - 복사본.xml 
01:22:21.916 DEBUG --- [http-nio-9010-exec-3] c.l.e.m.BoardMapper.getBoardList : <==      Total: 3 
01:22:32.468 DEBUG --- [http-nio-9010-exec-6] c.l.e.mapper.UserMapper.readUser : ==>  Preparing: SELECT u_id as username, u_password as password, u_name as name, u_phone as phone, u_isAccountNonExpired as isAccountNonExpired, u_isAccountNonLocked as isAccountNonLocked, u_isCredentialNonExpired as isCredentialsNonExpired, u_isEnabled as isEnabled FROM userlist WHERE 1=1 AND u_id = ? 
01:22:32.469 DEBUG --- [http-nio-9010-exec-6] c.l.e.mapper.UserMapper.readUser : ==> Parameters: aa(String) 
01:22:32.470 TRACE --- [http-nio-9010-exec-6] c.l.e.mapper.UserMapper.readUser : <==    Columns: username, password, name, phone, isAccountNonExpired, isAccountNonLocked, isCredentialsNonExpired, isEnabled 
01:22:32.471 TRACE --- [http-nio-9010-exec-6] c.l.e.mapper.UserMapper.readUser : <==        Row: aa, $2a$10$EDtcH3Ptp1BqdPxSU5TKpe7W3v/rf9NieuJtWr6g.MnCk3nrSLr.G, aa, 123123, 1, 1, 1, 1 
01:22:32.471 DEBUG --- [http-nio-9010-exec-6] c.l.e.mapper.UserMapper.readUser : <==      Total: 1 
01:22:32.472 DEBUG --- [http-nio-9010-exec-6] c.l.e.m.UserMapper.readAuthorities : ==>  Preparing: SELECT u_auth FROM userauth WHERE 1=1 AND u_id = ? 
01:22:32.472 DEBUG --- [http-nio-9010-exec-6] c.l.e.m.UserMapper.readAuthorities : ==> Parameters: aa(String) 
01:22:32.473 TRACE --- [http-nio-9010-exec-6] c.l.e.m.UserMapper.readAuthorities : <==    Columns: u_auth 
01:22:32.473 TRACE --- [http-nio-9010-exec-6] c.l.e.m.UserMapper.readAuthorities : <==        Row: ROLE_ADMIN 
01:22:32.473 TRACE --- [http-nio-9010-exec-6] c.l.e.m.UserMapper.readAuthorities : <==        Row: ROLE_USER 
01:22:32.473 DEBUG --- [http-nio-9010-exec-6] c.l.e.m.UserMapper.readAuthorities : <==      Total: 2 
01:22:32.480 DEBUG --- [http-nio-9010-exec-6] c.l.e.m.UserMapper.readUser_refresh : ==>  Preparing: SELECT ta.u_id username, ta.u_name name, ta.u_phone phone, tb.u_auth auth FROM userlist ta LEFT join ( SELECT ta.u_id, GROUP_CONCAT(ta.u_auth SEPARATOR ",") u_auth FROM userauth ta GROUP BY ta.u_id ) tb ON ta.u_id = tb.u_id WHERE ta.u_id = ? 
01:22:32.480 DEBUG --- [http-nio-9010-exec-6] c.l.e.m.UserMapper.readUser_refresh : ==> Parameters: aa(String) 
01:22:32.583 TRACE --- [http-nio-9010-exec-6] c.l.e.m.UserMapper.readUser_refresh : <==    Columns: username, name, phone, auth 
01:22:32.584 TRACE --- [http-nio-9010-exec-6] c.l.e.m.UserMapper.readUser_refresh : <==        Row: aa, aa, 123123, <<BLOB>> 
01:22:32.584 DEBUG --- [http-nio-9010-exec-6] c.l.e.m.UserMapper.readUser_refresh : <==      Total: 1 
01:22:32.585 DEBUG --- [http-nio-9010-exec-6] c.l.e.m.BoardMapper.insertBoard1 : ==>  Preparing: INSERT INTO vue_board ( title, content, writer, filename ) VALUES ( ?, ?, ?, ? ) 
01:22:32.586 DEBUG --- [http-nio-9010-exec-6] c.l.e.m.BoardMapper.insertBoard1 : ==> Parameters: 제목(String), 내용(String), aa(String), null 
01:22:32.717 DEBUG --- [http-nio-9010-exec-6] c.l.e.m.BoardMapper.insertBoard1 : <==    Updates: 1 
01:22:32.717 DEBUG --- [http-nio-9010-exec-6] c.l.e.m.BoardMapper.insertBoard2 : ==>  Preparing: UPDATE vue_board SET groups = LAST_INSERT_ID(), orders = '1' WHERE b_id = last_insert_id() 
01:22:32.718 DEBUG --- [http-nio-9010-exec-6] c.l.e.m.BoardMapper.insertBoard2 : ==> Parameters:  
01:22:32.742 DEBUG --- [http-nio-9010-exec-6] c.l.e.m.BoardMapper.insertBoard2 : <==    Updates: 1 
01:22:32.776 DEBUG --- [http-nio-9010-exec-7] c.l.e.mapper.UserMapper.readUser : ==>  Preparing: SELECT u_id as username, u_password as password, u_name as name, u_phone as phone, u_isAccountNonExpired as isAccountNonExpired, u_isAccountNonLocked as isAccountNonLocked, u_isCredentialNonExpired as isCredentialsNonExpired, u_isEnabled as isEnabled FROM userlist WHERE 1=1 AND u_id = ? 
01:22:32.777 DEBUG --- [http-nio-9010-exec-7] c.l.e.mapper.UserMapper.readUser : ==> Parameters: aa(String) 
01:22:32.780 TRACE --- [http-nio-9010-exec-7] c.l.e.mapper.UserMapper.readUser : <==    Columns: username, password, name, phone, isAccountNonExpired, isAccountNonLocked, isCredentialsNonExpired, isEnabled 
01:22:32.780 TRACE --- [http-nio-9010-exec-7] c.l.e.mapper.UserMapper.readUser : <==        Row: aa, $2a$10$EDtcH3Ptp1BqdPxSU5TKpe7W3v/rf9NieuJtWr6g.MnCk3nrSLr.G, aa, 123123, 1, 1, 1, 1 
01:22:32.781 DEBUG --- [http-nio-9010-exec-7] c.l.e.mapper.UserMapper.readUser : <==      Total: 1 
01:22:32.782 DEBUG --- [http-nio-9010-exec-7] c.l.e.m.UserMapper.readAuthorities : ==>  Preparing: SELECT u_auth FROM userauth WHERE 1=1 AND u_id = ? 
01:22:32.782 DEBUG --- [http-nio-9010-exec-7] c.l.e.m.UserMapper.readAuthorities : ==> Parameters: aa(String) 
01:22:32.783 TRACE --- [http-nio-9010-exec-7] c.l.e.m.UserMapper.readAuthorities : <==    Columns: u_auth 
01:22:32.784 TRACE --- [http-nio-9010-exec-7] c.l.e.m.UserMapper.readAuthorities : <==        Row: ROLE_ADMIN 
01:22:32.784 TRACE --- [http-nio-9010-exec-7] c.l.e.m.UserMapper.readAuthorities : <==        Row: ROLE_USER 
01:22:32.784 DEBUG --- [http-nio-9010-exec-7] c.l.e.m.UserMapper.readAuthorities : <==      Total: 2 
01:22:32.786 DEBUG --- [http-nio-9010-exec-7] c.l.e.m.BoardMapper.getBoardList : ==>  Preparing: SELECT * FROM (select @rownum := @rownum-1 as rownum, (concat(repeat('-', depth), title))as con, ta.* FROM vue_board ta, (select @rownum := (select COUNT(*)+1 from vue_board ta)) tb ORDER BY groups desc, orders asc)a 
01:22:32.787 DEBUG --- [http-nio-9010-exec-7] c.l.e.m.BoardMapper.getBoardList : ==> Parameters:  
01:22:32.830 TRACE --- [http-nio-9010-exec-7] c.l.e.m.BoardMapper.getBoardList : <==    Columns: rownum, con, b_id, title, content, writer, datetime, hit, groups, orders, depth, filename 
01:22:32.831 TRACE --- [http-nio-9010-exec-7] c.l.e.m.BoardMapper.getBoardList : <==        Row: 1.0, <<BLOB>>, 48, 제목, 내용, aa, 2022-01-15 01:22:32, 0, 48, 1, 0, null 
01:22:32.833 TRACE --- [http-nio-9010-exec-7] c.l.e.m.BoardMapper.getBoardList : <==        Row: 2.0, <<BLOB>>, 47, jj, jj, aa, 2022-01-15 01:03:09, 0, 47, 1, 0, 풍경.jpg 
01:22:32.835 TRACE --- [http-nio-9010-exec-7] c.l.e.m.BoardMapper.getBoardList : <==        Row: 3.0, <<BLOB>>, 46, ff, fff, aa, 2022-01-15 01:01:19, 0, 46, 1, 0, 풍경.jpg 
01:22:32.838 TRACE --- [http-nio-9010-exec-7] c.l.e.m.BoardMapper.getBoardList : <==        Row: 4.0, <<BLOB>>, 45, test??, testhhh, aa, 2022-01-14 23:54:10, 0, 45, 1, 0, 풍경.jpg,풍경사진.jpg,web - 복사본.xml 
01:22:32.840 DEBUG --- [http-nio-9010-exec-7] c.l.e.m.BoardMapper.getBoardList : <==      Total: 4 
01:22:37.005 DEBUG --- [http-nio-9010-exec-9] c.l.e.mapper.UserMapper.readUser : ==>  Preparing: SELECT u_id as username, u_password as password, u_name as name, u_phone as phone, u_isAccountNonExpired as isAccountNonExpired, u_isAccountNonLocked as isAccountNonLocked, u_isCredentialNonExpired as isCredentialsNonExpired, u_isEnabled as isEnabled FROM userlist WHERE 1=1 AND u_id = ? 
01:22:37.005 DEBUG --- [http-nio-9010-exec-9] c.l.e.mapper.UserMapper.readUser : ==> Parameters: aa(String) 
01:22:37.006 TRACE --- [http-nio-9010-exec-9] c.l.e.mapper.UserMapper.readUser : <==    Columns: username, password, name, phone, isAccountNonExpired, isAccountNonLocked, isCredentialsNonExpired, isEnabled 
01:22:37.006 TRACE --- [http-nio-9010-exec-9] c.l.e.mapper.UserMapper.readUser : <==        Row: aa, $2a$10$EDtcH3Ptp1BqdPxSU5TKpe7W3v/rf9NieuJtWr6g.MnCk3nrSLr.G, aa, 123123, 1, 1, 1, 1 
01:22:37.007 DEBUG --- [http-nio-9010-exec-9] c.l.e.mapper.UserMapper.readUser : <==      Total: 1 
01:22:37.008 DEBUG --- [http-nio-9010-exec-9] c.l.e.m.UserMapper.readAuthorities : ==>  Preparing: SELECT u_auth FROM userauth WHERE 1=1 AND u_id = ? 
01:22:37.008 DEBUG --- [http-nio-9010-exec-9] c.l.e.m.UserMapper.readAuthorities : ==> Parameters: aa(String) 
01:22:37.009 TRACE --- [http-nio-9010-exec-9] c.l.e.m.UserMapper.readAuthorities : <==    Columns: u_auth 
01:22:37.009 TRACE --- [http-nio-9010-exec-9] c.l.e.m.UserMapper.readAuthorities : <==        Row: ROLE_ADMIN 
01:22:37.009 TRACE --- [http-nio-9010-exec-9] c.l.e.m.UserMapper.readAuthorities : <==        Row: ROLE_USER 
01:22:37.009 DEBUG --- [http-nio-9010-exec-9] c.l.e.m.UserMapper.readAuthorities : <==      Total: 2 
01:22:37.017 DEBUG --- [http-nio-9010-exec-9] c.l.e.mapper.BoardMapper.addHit : ==>  Preparing: UPDATE vue_board SET hit = hit+1 WHERE b_id=? 
01:22:37.018 DEBUG --- [http-nio-9010-exec-9] c.l.e.mapper.BoardMapper.addHit : ==> Parameters: 48(Integer) 
01:22:37.071 DEBUG --- [http-nio-9010-exec-9] c.l.e.mapper.BoardMapper.addHit : <==    Updates: 1 
01:22:37.072 DEBUG --- [http-nio-9010-exec-9] c.l.e.m.BoardMapper.getBoardDetail : ==>  Preparing: SELECT * FROM vue_board WHERE b_id = ? 
01:22:37.072 DEBUG --- [http-nio-9010-exec-9] c.l.e.m.BoardMapper.getBoardDetail : ==> Parameters: 48(Integer) 
01:22:37.074 TRACE --- [http-nio-9010-exec-9] c.l.e.m.BoardMapper.getBoardDetail : <==    Columns: b_id, title, content, writer, datetime, hit, groups, orders, depth, filename 
01:22:37.074 TRACE --- [http-nio-9010-exec-9] c.l.e.m.BoardMapper.getBoardDetail : <==        Row: 48, 제목, 내용, aa, 2022-01-15 01:22:37, 1, 48, 1, 0, null 
01:22:37.076 DEBUG --- [http-nio-9010-exec-9] c.l.e.m.BoardMapper.getBoardDetail : <==      Total: 1 
01:22:37.193 DEBUG --- [http-nio-9010-exec-1] c.l.e.mapper.UserMapper.readUser : ==>  Preparing: SELECT u_id as username, u_password as password, u_name as name, u_phone as phone, u_isAccountNonExpired as isAccountNonExpired, u_isAccountNonLocked as isAccountNonLocked, u_isCredentialNonExpired as isCredentialsNonExpired, u_isEnabled as isEnabled FROM userlist WHERE 1=1 AND u_id = ? 
01:22:37.194 DEBUG --- [http-nio-9010-exec-1] c.l.e.mapper.UserMapper.readUser : ==> Parameters: aa(String) 
01:22:37.197 TRACE --- [http-nio-9010-exec-1] c.l.e.mapper.UserMapper.readUser : <==    Columns: username, password, name, phone, isAccountNonExpired, isAccountNonLocked, isCredentialsNonExpired, isEnabled 
01:22:37.197 TRACE --- [http-nio-9010-exec-1] c.l.e.mapper.UserMapper.readUser : <==        Row: aa, $2a$10$EDtcH3Ptp1BqdPxSU5TKpe7W3v/rf9NieuJtWr6g.MnCk3nrSLr.G, aa, 123123, 1, 1, 1, 1 
01:22:37.198 DEBUG --- [http-nio-9010-exec-1] c.l.e.mapper.UserMapper.readUser : <==      Total: 1 
01:22:37.198 DEBUG --- [http-nio-9010-exec-1] c.l.e.m.UserMapper.readAuthorities : ==>  Preparing: SELECT u_auth FROM userauth WHERE 1=1 AND u_id = ? 
01:22:37.198 DEBUG --- [http-nio-9010-exec-1] c.l.e.m.UserMapper.readAuthorities : ==> Parameters: aa(String) 
01:22:37.199 TRACE --- [http-nio-9010-exec-1] c.l.e.m.UserMapper.readAuthorities : <==    Columns: u_auth 
01:22:37.199 TRACE --- [http-nio-9010-exec-1] c.l.e.m.UserMapper.readAuthorities : <==        Row: ROLE_ADMIN 
01:22:37.200 TRACE --- [http-nio-9010-exec-1] c.l.e.m.UserMapper.readAuthorities : <==        Row: ROLE_USER 
01:22:37.200 DEBUG --- [http-nio-9010-exec-1] c.l.e.m.UserMapper.readAuthorities : <==      Total: 2 
01:22:37.201 DEBUG --- [http-nio-9010-exec-1] c.l.e.m.BoardMapper.getCommentList : ==>  Preparing: SELECT * FROM (select @rownum := @rownum-1 as rownum, (concat(repeat('-', depth), content))as con, ta.* FROM vue_comment ta, (select @rownum := (select COUNT(*)+1 from vue_comment ta)) tb WHERE ta.bid=? ORDER BY groups desc, orders asc)a 
01:22:37.201 DEBUG --- [http-nio-9010-exec-1] c.l.e.m.BoardMapper.getCommentList : ==> Parameters: 48(Integer) 
01:22:37.322 DEBUG --- [http-nio-9010-exec-1] c.l.e.m.BoardMapper.getCommentList : <==      Total: 0 
01:22:38.596 DEBUG --- [http-nio-9010-exec-3] c.l.e.mapper.UserMapper.readUser : ==>  Preparing: SELECT u_id as username, u_password as password, u_name as name, u_phone as phone, u_isAccountNonExpired as isAccountNonExpired, u_isAccountNonLocked as isAccountNonLocked, u_isCredentialNonExpired as isCredentialsNonExpired, u_isEnabled as isEnabled FROM userlist WHERE 1=1 AND u_id = ? 
01:22:38.597 DEBUG --- [http-nio-9010-exec-3] c.l.e.mapper.UserMapper.readUser : ==> Parameters: aa(String) 
01:22:38.600 TRACE --- [http-nio-9010-exec-3] c.l.e.mapper.UserMapper.readUser : <==    Columns: username, password, name, phone, isAccountNonExpired, isAccountNonLocked, isCredentialsNonExpired, isEnabled 
01:22:38.600 TRACE --- [http-nio-9010-exec-3] c.l.e.mapper.UserMapper.readUser : <==        Row: aa, $2a$10$EDtcH3Ptp1BqdPxSU5TKpe7W3v/rf9NieuJtWr6g.MnCk3nrSLr.G, aa, 123123, 1, 1, 1, 1 
01:22:38.600 DEBUG --- [http-nio-9010-exec-3] c.l.e.mapper.UserMapper.readUser : <==      Total: 1 
01:22:38.601 DEBUG --- [http-nio-9010-exec-3] c.l.e.m.UserMapper.readAuthorities : ==>  Preparing: SELECT u_auth FROM userauth WHERE 1=1 AND u_id = ? 
01:22:38.602 DEBUG --- [http-nio-9010-exec-3] c.l.e.m.UserMapper.readAuthorities : ==> Parameters: aa(String) 
01:22:38.605 TRACE --- [http-nio-9010-exec-3] c.l.e.m.UserMapper.readAuthorities : <==    Columns: u_auth 
01:22:38.605 TRACE --- [http-nio-9010-exec-3] c.l.e.m.UserMapper.readAuthorities : <==        Row: ROLE_ADMIN 
01:22:38.605 TRACE --- [http-nio-9010-exec-3] c.l.e.m.UserMapper.readAuthorities : <==        Row: ROLE_USER 
01:22:38.606 DEBUG --- [http-nio-9010-exec-3] c.l.e.m.UserMapper.readAuthorities : <==      Total: 2 
01:22:38.607 DEBUG --- [http-nio-9010-exec-3] c.l.e.m.BoardMapper.getBoardList : ==>  Preparing: SELECT * FROM (select @rownum := @rownum-1 as rownum, (concat(repeat('-', depth), title))as con, ta.* FROM vue_board ta, (select @rownum := (select COUNT(*)+1 from vue_board ta)) tb ORDER BY groups desc, orders asc)a 
01:22:38.607 DEBUG --- [http-nio-9010-exec-3] c.l.e.m.BoardMapper.getBoardList : ==> Parameters:  
01:22:38.739 TRACE --- [http-nio-9010-exec-3] c.l.e.m.BoardMapper.getBoardList : <==    Columns: rownum, con, b_id, title, content, writer, datetime, hit, groups, orders, depth, filename 
01:22:38.740 TRACE --- [http-nio-9010-exec-3] c.l.e.m.BoardMapper.getBoardList : <==        Row: 1, <<BLOB>>, 48, 제목, 내용, aa, 2022-01-15 01:22:37, 1, 48, 1, 0, null 
01:22:38.742 TRACE --- [http-nio-9010-exec-3] c.l.e.m.BoardMapper.getBoardList : <==        Row: 2, <<BLOB>>, 47, jj, jj, aa, 2022-01-15 01:03:09, 0, 47, 1, 0, 풍경.jpg 
01:22:38.747 TRACE --- [http-nio-9010-exec-3] c.l.e.m.BoardMapper.getBoardList : <==        Row: 3, <<BLOB>>, 46, ff, fff, aa, 2022-01-15 01:01:19, 0, 46, 1, 0, 풍경.jpg 
01:22:38.749 TRACE --- [http-nio-9010-exec-3] c.l.e.m.BoardMapper.getBoardList : <==        Row: 4, <<BLOB>>, 45, test??, testhhh, aa, 2022-01-14 23:54:10, 0, 45, 1, 0, 풍경.jpg,풍경사진.jpg,web - 복사본.xml 
01:22:38.750 DEBUG --- [http-nio-9010-exec-3] c.l.e.m.BoardMapper.getBoardList : <==      Total: 4 
01:22:49.690 DEBUG --- [http-nio-9010-exec-5] c.l.e.mapper.UserMapper.readUser : ==>  Preparing: SELECT u_id as username, u_password as password, u_name as name, u_phone as phone, u_isAccountNonExpired as isAccountNonExpired, u_isAccountNonLocked as isAccountNonLocked, u_isCredentialNonExpired as isCredentialsNonExpired, u_isEnabled as isEnabled FROM userlist WHERE 1=1 AND u_id = ? 
01:22:49.690 DEBUG --- [http-nio-9010-exec-5] c.l.e.mapper.UserMapper.readUser : ==> Parameters: aa(String) 
01:22:49.691 TRACE --- [http-nio-9010-exec-5] c.l.e.mapper.UserMapper.readUser : <==    Columns: username, password, name, phone, isAccountNonExpired, isAccountNonLocked, isCredentialsNonExpired, isEnabled 
01:22:49.691 TRACE --- [http-nio-9010-exec-5] c.l.e.mapper.UserMapper.readUser : <==        Row: aa, $2a$10$EDtcH3Ptp1BqdPxSU5TKpe7W3v/rf9NieuJtWr6g.MnCk3nrSLr.G, aa, 123123, 1, 1, 1, 1 
01:22:49.692 DEBUG --- [http-nio-9010-exec-5] c.l.e.mapper.UserMapper.readUser : <==      Total: 1 
01:22:49.692 DEBUG --- [http-nio-9010-exec-5] c.l.e.m.UserMapper.readAuthorities : ==>  Preparing: SELECT u_auth FROM userauth WHERE 1=1 AND u_id = ? 
01:22:49.693 DEBUG --- [http-nio-9010-exec-5] c.l.e.m.UserMapper.readAuthorities : ==> Parameters: aa(String) 
01:22:49.693 TRACE --- [http-nio-9010-exec-5] c.l.e.m.UserMapper.readAuthorities : <==    Columns: u_auth 
01:22:49.693 TRACE --- [http-nio-9010-exec-5] c.l.e.m.UserMapper.readAuthorities : <==        Row: ROLE_ADMIN 
01:22:49.694 TRACE --- [http-nio-9010-exec-5] c.l.e.m.UserMapper.readAuthorities : <==        Row: ROLE_USER 
01:22:49.694 DEBUG --- [http-nio-9010-exec-5] c.l.e.m.UserMapper.readAuthorities : <==      Total: 2 
01:22:49.792 DEBUG --- [http-nio-9010-exec-5] c.l.e.m.BoardMapper.insertBoard1 : ==>  Preparing: INSERT INTO vue_board ( title, content, writer, filename ) VALUES ( ?, ?, ?, ? ) 
01:22:49.793 DEBUG --- [http-nio-9010-exec-5] c.l.e.m.BoardMapper.insertBoard1 : ==> Parameters: 풍경파일(String), ㅇㅇ(String), aa(String), 풍경.jpg(String) 
01:22:49.946 DEBUG --- [http-nio-9010-exec-5] c.l.e.m.BoardMapper.insertBoard1 : <==    Updates: 1 
01:22:49.946 DEBUG --- [http-nio-9010-exec-5] c.l.e.m.BoardMapper.insertBoard2 : ==>  Preparing: UPDATE vue_board SET groups = LAST_INSERT_ID(), orders = '1' WHERE b_id = last_insert_id() 
01:22:49.947 DEBUG --- [http-nio-9010-exec-5] c.l.e.m.BoardMapper.insertBoard2 : ==> Parameters:  
01:22:50.029 DEBUG --- [http-nio-9010-exec-5] c.l.e.m.BoardMapper.insertBoard2 : <==    Updates: 1 
01:22:50.061 DEBUG --- [http-nio-9010-exec-6] c.l.e.mapper.UserMapper.readUser : ==>  Preparing: SELECT u_id as username, u_password as password, u_name as name, u_phone as phone, u_isAccountNonExpired as isAccountNonExpired, u_isAccountNonLocked as isAccountNonLocked, u_isCredentialNonExpired as isCredentialsNonExpired, u_isEnabled as isEnabled FROM userlist WHERE 1=1 AND u_id = ? 
01:22:50.062 DEBUG --- [http-nio-9010-exec-6] c.l.e.mapper.UserMapper.readUser : ==> Parameters: aa(String) 
01:22:50.063 TRACE --- [http-nio-9010-exec-6] c.l.e.mapper.UserMapper.readUser : <==    Columns: username, password, name, phone, isAccountNonExpired, isAccountNonLocked, isCredentialsNonExpired, isEnabled 
01:22:50.063 TRACE --- [http-nio-9010-exec-6] c.l.e.mapper.UserMapper.readUser : <==        Row: aa, $2a$10$EDtcH3Ptp1BqdPxSU5TKpe7W3v/rf9NieuJtWr6g.MnCk3nrSLr.G, aa, 123123, 1, 1, 1, 1 
01:22:50.063 DEBUG --- [http-nio-9010-exec-6] c.l.e.mapper.UserMapper.readUser : <==      Total: 1 
01:22:50.064 DEBUG --- [http-nio-9010-exec-6] c.l.e.m.UserMapper.readAuthorities : ==>  Preparing: SELECT u_auth FROM userauth WHERE 1=1 AND u_id = ? 
01:22:50.064 DEBUG --- [http-nio-9010-exec-6] c.l.e.m.UserMapper.readAuthorities : ==> Parameters: aa(String) 
01:22:50.066 TRACE --- [http-nio-9010-exec-6] c.l.e.m.UserMapper.readAuthorities : <==    Columns: u_auth 
01:22:50.067 TRACE --- [http-nio-9010-exec-6] c.l.e.m.UserMapper.readAuthorities : <==        Row: ROLE_ADMIN 
01:22:50.067 TRACE --- [http-nio-9010-exec-6] c.l.e.m.UserMapper.readAuthorities : <==        Row: ROLE_USER 
01:22:50.067 DEBUG --- [http-nio-9010-exec-6] c.l.e.m.UserMapper.readAuthorities : <==      Total: 2 
01:22:50.068 DEBUG --- [http-nio-9010-exec-6] c.l.e.m.BoardMapper.getBoardList : ==>  Preparing: SELECT * FROM (select @rownum := @rownum-1 as rownum, (concat(repeat('-', depth), title))as con, ta.* FROM vue_board ta, (select @rownum := (select COUNT(*)+1 from vue_board ta)) tb ORDER BY groups desc, orders asc)a 
01:22:50.069 DEBUG --- [http-nio-9010-exec-6] c.l.e.m.BoardMapper.getBoardList : ==> Parameters:  
01:22:50.131 TRACE --- [http-nio-9010-exec-6] c.l.e.m.BoardMapper.getBoardList : <==    Columns: rownum, con, b_id, title, content, writer, datetime, hit, groups, orders, depth, filename 
01:22:50.132 TRACE --- [http-nio-9010-exec-6] c.l.e.m.BoardMapper.getBoardList : <==        Row: 1, <<BLOB>>, 49, 풍경파일, ㅇㅇ, aa, 2022-01-15 01:22:49, 0, 49, 1, 0, 풍경.jpg 
01:22:50.136 TRACE --- [http-nio-9010-exec-6] c.l.e.m.BoardMapper.getBoardList : <==        Row: 2, <<BLOB>>, 48, 제목, 내용, aa, 2022-01-15 01:22:37, 1, 48, 1, 0, null 
01:22:50.138 TRACE --- [http-nio-9010-exec-6] c.l.e.m.BoardMapper.getBoardList : <==        Row: 3, <<BLOB>>, 47, jj, jj, aa, 2022-01-15 01:03:09, 0, 47, 1, 0, 풍경.jpg 
01:22:50.139 TRACE --- [http-nio-9010-exec-6] c.l.e.m.BoardMapper.getBoardList : <==        Row: 4, <<BLOB>>, 46, ff, fff, aa, 2022-01-15 01:01:19, 0, 46, 1, 0, 풍경.jpg 
01:22:50.140 TRACE --- [http-nio-9010-exec-6] c.l.e.m.BoardMapper.getBoardList : <==        Row: 5, <<BLOB>>, 45, test??, testhhh, aa, 2022-01-14 23:54:10, 0, 45, 1, 0, 풍경.jpg,풍경사진.jpg,web - 복사본.xml 
01:22:50.140 DEBUG --- [http-nio-9010-exec-6] c.l.e.m.BoardMapper.getBoardList : <==      Total: 5 
